<?xml version="1.0" encoding="UTF-8"?>
<!-- Generated by org.testng.reporters.JUnitXMLReporter -->
<testsuite ignored="6" hostname="Airs-Air.mshome.net" failures="0" tests="2" name="Test" time="0.097" errors="0" timestamp="2025-02-27T12:12:48 IST">
  <testcase classname="Practice.ContactTest.ContactTest" name="createContact" time="0.015"/>
  <testcase classname="Practice.Test.CreateOrgTest" name="createOrg" time="0.002"/>
  <testcase classname="Practice.ContactTest.ContactTest" name="approveContact" time="0.0">
    <ignored/>
  </testcase> <!-- approveContact -->
  <testcase classname="Practice.Test.CreateOrgTest" name="modifyOrg" time="0.0">
    <ignored/>
  </testcase> <!-- modifyOrg -->
  <testcase classname="Practice.Test.CreateOrgTest" name="approveOrg" time="0.0">
    <ignored/>
  </testcase> <!-- approveOrg -->
  <testcase classname="Practice.ContactTest.ContactTest" name="reviewContact" time="0.0">
    <ignored/>
  </testcase> <!-- reviewContact -->
  <testcase classname="Practice.ContactTest.ContactTest" name="modifyContact" time="0.0">
    <ignored/>
  </testcase> <!-- modifyContact -->
  <testcase classname="Practice.Test.CreateOrgTest" name="reviewOrg" time="0.0">
    <ignored/>
  </testcase> <!-- reviewOrg -->
</testsuite> <!-- Test -->
